\BOOKMARK [1][-]{section.1}{Zad\341n\355}{}% 1
\BOOKMARK [1][-]{section.2}{\332daje o bonusov\375ch \372loh\341ch}{}% 2
\BOOKMARK [1][-]{section.3}{Popis a rozbor probl\351mu}{}% 3
\BOOKMARK [2][-]{subsection.3.1}{Delaunay triangulace}{section.3}% 4
\BOOKMARK [2][-]{subsection.3.2}{Vrstevnice}{section.3}% 5
\BOOKMARK [2][-]{subsection.3.3}{Sklon}{section.3}% 6
\BOOKMARK [2][-]{subsection.3.4}{Expozice}{section.3}% 7
\BOOKMARK [1][-]{section.4}{Popis algoritmu}{}% 8
\BOOKMARK [2][-]{subsection.4.1}{Delaunayova triangulace}{section.4}% 9
\BOOKMARK [3][-]{subsubsection.4.1.1}{Implementace metody}{subsection.4.1}% 10
\BOOKMARK [3][-]{subsubsection.4.1.2}{Problematick\351 situace}{subsection.4.1}% 11
\BOOKMARK [1][-]{section.5}{Vstupn\355 data}{}% 12
\BOOKMARK [1][-]{section.6}{V\375stupn\355 data}{}% 13
\BOOKMARK [1][-]{section.7}{Uk\341zka vytvoren\351 aplikace}{}% 14
\BOOKMARK [2][-]{subsection.7.1}{Algorithms}{section.7}% 15
\BOOKMARK [2][-]{subsection.7.2}{Draw}{section.7}% 16
\BOOKMARK [2][-]{subsection.7.3}{SortByXAsc, SortByYAsc, SortByAngleAsc}{section.7}% 17
\BOOKMARK [2][-]{subsection.7.4}{Widget}{section.7}% 18
\BOOKMARK [2][-]{subsection.7.5}{HelpDialog}{section.7}% 19
\BOOKMARK [1][-]{section.8}{Pr\355lohy}{}% 20
\BOOKMARK [1][-]{section.9}{Z\341ver}{}% 21
\BOOKMARK [2][-]{subsection.9.1}{Politov\341n\355 se a vysvetlen\355 na\235eho probl\351mu}{section.9}% 22
\BOOKMARK [2][-]{subsection.9.2}{N\341vrhy na vylep\235en\355}{section.9}% 23
\BOOKMARK [1][-]{section.10}{Zdroje}{}% 24
